\BOOKMARK [0][-]{chapter.1}{\376\377\000B\000e\000v\000e\000z\000e\000t\000\351\000s}{}% 1
\BOOKMARK [0][-]{chapter.2}{\376\377\000M\000a\000t\000e\000m\000a\000t\000i\000k\000a\000i\000\040\000h\000\341\000t\000t\000\351\000r}{}% 2
\BOOKMARK [1][-]{section.2.1}{\376\377\000T\000\366\000b\000b\000v\000\341\000l\000t\000o\000z\000\363\000s\000\040\000i\000n\000t\000e\000r\000p\000o\000l\000\341\000c\000i\000\363}{chapter.2}% 3
\BOOKMARK [1][-]{section.2.2}{\376\377\000R\000a\000d\000i\000\341\000l\000i\000s\000\040\000b\000\341\000z\000i\000s\000f\000\374\000g\000g\000v\000\351\000n\000y}{chapter.2}% 4
\BOOKMARK [1][-]{section.2.3}{\376\377\000N\000e\000v\000e\000z\000e\000t\000e\000s\000\040\000b\000\341\000z\000i\000s\000f\000\374\000g\000g\000v\000\351\000n\000y\000e\000k}{chapter.2}% 5
\BOOKMARK [2][-]{subsection.2.3.1}{\376\377\000G\000a\000u\000s\000s}{section.2.3}% 6
\BOOKMARK [2][-]{subsection.2.3.2}{\376\377\000M\000u\000l\000t\000i\000q\000u\000a\000d\000r\000i\000c\000s}{section.2.3}% 7
\BOOKMARK [2][-]{subsection.2.3.3}{\376\377\000I\000n\000v\000e\000r\000z\000\040\000m\000u\000l\000t\000i\000q\000u\000a\000d\000r\000i\000c\000s}{section.2.3}% 8
\BOOKMARK [2][-]{subsection.2.3.4}{\376\377\000I\000n\000v\000e\000r\000z\000\040\000q\000u\000a\000d\000r\000a\000t\000i\000c}{section.2.3}% 9
\BOOKMARK [2][-]{subsection.2.3.5}{\376\377\000T\000h\000i\000n\000\040\000p\000l\000a\000t\000e\000\040\000s\000p\000l\000i\000n\000e}{section.2.3}% 10
\BOOKMARK [1][-]{section.2.4}{\376\377\000L\000i\000n\000e\000\341\000r\000i\000s\000\040\000e\000g\000y\000e\000n\000l\000e\000t\000r\000e\000n\000d\000s\000z\000e\000r\000e\000k\000e\000t\000\040\000m\000e\000g\000o\000l\000d\000\363\000\040\000m\000\363\000d\000s\000z\000e\000r\000e\000k}{chapter.2}% 11
\BOOKMARK [2][-]{subsection.2.4.1}{\376\377\000G\000a\000u\000s\000s\000-\000e\000l\000i\000m\000i\000n\000\341\000c\000i\000\363}{section.2.4}% 12
\BOOKMARK [2][-]{subsection.2.4.2}{\376\377\000G\000a\000u\000s\000s\000-\000e\000l\000i\000m\000i\000n\000\341\000c\000i\000\363\000\040\000r\000\351\000s\000z\000l\000e\000g\000e\000s\000\040\000f\001\121\000e\000l\000e\000m\000\040\000k\000i\000v\000\341\000l\000a\000s\000z\000t\000\341\000s\000s\000a\000l}{section.2.4}% 13
\BOOKMARK [2][-]{subsection.2.4.3}{\376\377\000C\000h\000o\000l\000e\000s\000k\000y\000-\000f\000e\000l\000b\000o\000n\000t\000\341\000s}{section.2.4}% 14
\BOOKMARK [0][-]{chapter.3}{\376\377\000F\000e\000l\000h\000a\000s\000z\000n\000\341\000l\000\363\000i\000\040\000d\000o\000k\000u\000m\000e\000n\000t\000\341\000c\000i\000\363}{}% 15
\BOOKMARK [1][-]{section.3.1}{\376\377\000R\000e\000n\000d\000s\000z\000e\000r\000k\000\366\000v\000e\000t\000e\000l\000m\000\351\000n\000y\000e\000k}{chapter.3}% 16
\BOOKMARK [2][-]{subsection.3.1.1}{\376\377\000M\000i\000n\000i\000m\000u\000m\000\040\000r\000e\000n\000d\000s\000z\000e\000r\000k\000\366\000v\000e\000t\000e\000l\000m\000\351\000n\000y\000e\000k}{section.3.1}% 17
\BOOKMARK [1][-]{section.3.2}{\376\377\000T\000e\000l\000e\000p\000\355\000t\000\351\000s}{chapter.3}% 18
\BOOKMARK [1][-]{section.3.3}{\376\377\000M\000e\000n\000t\000e\000t\000t\000\040\000f\000\341\000j\000l\000o\000k\000\040\000s\000z\000e\000r\000k\000e\000z\000e\000t\000e}{chapter.3}% 19
\BOOKMARK [2][-]{subsection.3.3.1}{\376\377\000S\000z\000\355\000n\000s\000k\000\341\000l\000a\000f\000\341\000j\000l\000\040\000f\000e\000l\000\351\000p\000\355\000t\000\351\000s\000e\000\040}{section.3.3}% 20
\BOOKMARK [2][-]{subsection.3.3.2}{\376\377\000A\000l\000a\000p\000p\000o\000n\000t\000f\000\341\000j\000l\000\040\000f\000e\000l\000\351\000p\000\355\000t\000\351\000s\000e\000\040}{section.3.3}% 21
\BOOKMARK [1][-]{section.3.4}{\376\377\000F\000e\000l\000\374\000l\000e\000t\000i\000\040\000l\000e\000\355\000r\000\341\000s\000,\000\040\000h\000a\000s\000z\000n\000\341\000l\000a\000t}{chapter.3}% 22
\BOOKMARK [2][-]{subsection.3.4.1}{\376\377\000F\001\121\000a\000b\000l\000a\000k\000\040\000k\000e\000z\000e\000l\000\351\000s\000e}{section.3.4}% 23
\BOOKMARK [2][-]{subsection.3.4.2}{\376\377\000H\000\341\000r\000o\000m\000d\000i\000m\000e\000n\000z\000i\000\363\000s\000\040\000f\000\374\000g\000g\000v\000\351\000n\000y\000\341\000b\000r\000\341\000z\000o\000l\000\341\000s}{section.3.4}% 24
\BOOKMARK [2][-]{subsection.3.4.3}{\376\377\000S\000z\000\355\000n\000s\000k\000\341\000l\000a\000\040\000m\000\363\000d\000o\000s\000\355\000t\000\341\000s}{section.3.4}% 25
\BOOKMARK [2][-]{subsection.3.4.4}{\376\377\000K\000\351\000p\000,\000\040\000p\000o\000n\000t\000,\000\040\000s\000z\000\355\000n\000s\000k\000\341\000l\000a\000\040\000m\000e\000n\000t\000\351\000s\000e}{section.3.4}% 26
\BOOKMARK [1][-]{section.3.5}{\376\377\000H\000i\000b\000a\000f\000o\000r\000r\000\341\000s\000o\000k\000,\000\040\000h\000i\000b\000a\000\374\000z\000e\000n\000e\000t\000e\000k}{chapter.3}% 27
\BOOKMARK [2][-]{subsection.3.5.1}{\376\377\000B\000e\000t\000\366\000l\000t\000\351\000s\000k\000o\000r\000,\000\040\000m\000e\000n\000t\000\351\000s\000k\000o\000r\000\040\000a\000d\000\363\000d\000\363\000\040\000h\000i\000b\000a}{section.3.5}% 28
\BOOKMARK [2][-]{subsection.3.5.2}{\376\377\000R\000o\000s\000s\000z\000\040\000a\000d\000a\000t\000\040\000m\000e\000g\000a\000d\000\341\000s\000a}{section.3.5}% 29
\BOOKMARK [2][-]{subsection.3.5.3}{\376\377\000L\000\351\000t\000e\000z\001\121\000\040\000s\000z\000\355\000n\000\040\000k\000i\000v\000\341\000l\000a\000s\000z\000t\000\341\000s\000a}{section.3.5}% 30
\BOOKMARK [2][-]{subsection.3.5.4}{\376\377\000\332\000j\000\040\000t\000\351\000r\000k\000\351\000p\000\040\000k\000e\000z\000d\000\351\000s\000e}{section.3.5}% 31
\BOOKMARK [0][-]{chapter.4}{\376\377\000F\000e\000j\000l\000e\000s\000z\000t\001\121\000i\000\040\000d\000o\000k\000u\000m\000e\000n\000t\000\341\000c\000i\000\363}{}% 32
\BOOKMARK [1][-]{section.4.1}{\376\377\000M\000e\000g\000v\000a\000l\000\363\000s\000\355\000t\000a\000n\000d\000\363\000\040\000f\000e\000l\000a\000d\000a\000t}{chapter.4}% 33
\BOOKMARK [2][-]{subsection.4.1.1}{\376\377\000H\000a\000s\000z\000n\000\341\000l\000a\000t\000i\000\040\000e\000s\000e\000t\000e\000k}{section.4.1}% 34
\BOOKMARK [2][-]{subsection.4.1.2}{\376\377\000F\000e\000l\000h\000a\000s\000z\000n\000\341\000l\000\363\000i\000\040\000t\000\366\000r\000t\000\351\000n\000e\000t\000\040\000t\000\341\000b\000l\000\341\000z\000a\000t}{section.4.1}% 35
\BOOKMARK [1][-]{section.4.2}{\376\377\000M\000e\000g\000v\000a\000l\000\363\000s\000\355\000t\000\341\000s}{chapter.4}% 36
\BOOKMARK [2][-]{subsection.4.2.1}{\376\377\000F\000e\000j\000l\000e\000s\000z\000t\001\121\000i\000\040\000k\000\366\000r\000n\000y\000e\000z\000e\000t\000,\000\040\000a\000r\000c\000h\000i\000t\000e\000k\000t\000\372\000r\000\341\000k}{section.4.2}% 37
\BOOKMARK [2][-]{subsection.4.2.2}{\376\377\000M\000o\000d\000e\000l\000l\000\040\000r\000\351\000t\000e\000g\000\040\000o\000s\000z\000t\000\341\000l\000y\000a\000i}{section.4.2}% 38
\BOOKMARK [2][-]{subsection.4.2.3}{\376\377\000P\000e\000r\000z\000i\000s\000z\000t\000e\000n\000c\000i\000a\000\040\000r\000\351\000t\000e\000g\000\040\000o\000s\000z\000t\000\341\000l\000y\000a\000i}{section.4.2}% 39
\BOOKMARK [2][-]{subsection.4.2.4}{\376\377\000N\000\351\000z\000e\000t\000-\000m\000o\000d\000e\000l\000l\000\040\000r\000\351\000t\000e\000g\000\040\000o\000s\000z\000t\000\341\000l\000y\000a\000i}{section.4.2}% 40
\BOOKMARK [1][-]{section.4.3}{\376\377\000T\000e\000s\000z\000t\000e\000l\000\351\000s}{chapter.4}% 41
\BOOKMARK [2][-]{subsection.4.3.1}{\376\377\000F\000e\000h\000\351\000r\000-\000d\000o\000b\000o\000z\000\040\000t\000e\000s\000z\000t\000e\000l\000\351\000s}{section.4.3}% 42
\BOOKMARK [2][-]{subsection.4.3.2}{\376\377\000F\000e\000k\000e\000t\000e\000-\000d\000o\000b\000o\000z\000\040\000t\000e\000s\000z\000t\000e\000l\000\351\000s}{section.4.3}% 43
\BOOKMARK [0][-]{chapter.5}{\376\377\000B\000e\000f\000e\000j\000e\000z\000\351\000s}{}% 44
\BOOKMARK [0][-]{chapter*.21}{\376\377\000I\000r\000o\000d\000a\000l\000o\000m\000j\000e\000g\000y\000z\000\351\000k}{}% 45
